<?xml version="1.0" encoding="UTF-8"?>
<robot generator="Robot 4.1.3 (Python 3.7.5 on win32)" generated="20220315 11:13:30.578" rpa="true" schemaversion="2">
<suite id="s1" name="Tasks" source="e:\Internshala\1-Xorion Technologies Pvt Ltd., Nagpur\Projects\Lyrics-Translation-Robot\tasks.robot">
<test id="s1-t1" name="Google Translate song Lyrics from source to target language">
<kw name="Get Lyrics">
<var>${lyrics}</var>
<kw name="Open Available Browser" library="RPA.Browser">
<arg>https://www.lyrics.com/lyrics/${SONGS_NAME}</arg>
<doc>Attempts to open a browser on the user's device from a set of
supported browsers. Automatically downloads a corresponding webdriver
if none is already installed.</doc>
<msg timestamp="20220315 11:13:32.510" level="INFO">Creating an instance of the Chrome WebDriver.</msg>
<msg timestamp="20220315 11:13:32.522" level="INFO">Created download root directory: C:\Users\abagd\AppData\Local\robocorp\webdrivers</msg>
<msg timestamp="20220315 11:13:32.522" level="INFO">Created symlink directory: C:\Users\abagd\AppData\Local\robocorp\webdrivers</msg>
<msg timestamp="20220315 11:13:32.522" level="INFO">Creating an instance of the Chrome WebDriver.</msg>
<msg timestamp="20220315 11:13:33.574" level="INFO">Created Chrome browser with arguments: --disable-dev-shm-usage --disable-web-security --allow-running-insecure-content --no-sandbox</msg>
<msg timestamp="20220315 11:13:33.574" level="INFO" html="true">&lt;p&gt;Attempted combinations:&lt;/p&gt;&lt;div class="doc"&gt;&lt;table&gt;&lt;tr&gt;&lt;th&gt;Browser&lt;/th&gt;&lt;th&gt;Download&lt;/th&gt;&lt;th&gt;Error&lt;/th&gt;&lt;/tr&gt;&lt;tr&gt;&lt;td&gt;Chrome&lt;/td&gt;&lt;td&gt;False&lt;/td&gt;&lt;td&gt;Message: 'chromedriver' executable needs to be in PATH. Please see https://sites.google.com/a/chromium.org/chromedriver/home
&lt;/td&gt;&lt;/tr&gt;&lt;tr&gt;&lt;td&gt;Chrome&lt;/td&gt;&lt;td&gt;True&lt;/td&gt;&lt;td&gt;&lt;/td&gt;&lt;/tr&gt;&lt;/table&gt;&lt;/div&gt;</msg>
<msg timestamp="20220315 11:13:33.574" level="INFO">Opening url 'https://www.lyrics.com/lyrics/peaches'</msg>
<status status="PASS" starttime="20220315 11:13:32.510" endtime="20220315 11:13:58.876"/>
</kw>
<kw name="Click Element When Visible" library="RPA.Browser">
<arg>css:.best-matches a</arg>
<doc>Click element identified by ``locator``, once it becomes visible.</doc>
<msg timestamp="20220315 11:13:58.923" level="INFO">Clicking element 'css:.best-matches a'.</msg>
<status status="PASS" starttime="20220315 11:13:58.876" endtime="20220315 11:13:59.008"/>
</kw>
<kw name="Set Variable" library="BuiltIn">
<var>${lyrics_element}</var>
<arg>id:lyric-body-text</arg>
<doc>Returns the given values which can then be assigned to a variables.</doc>
<msg timestamp="20220315 11:13:59.010" level="INFO">${lyrics_element} = id:lyric-body-text</msg>
<status status="PASS" starttime="20220315 11:13:59.009" endtime="20220315 11:13:59.010"/>
</kw>
<kw name="Wait Until Element Is Visible" library="RPA.Browser">
<arg>${lyrics_element}</arg>
<doc>Waits until the element ``locator`` is visible.</doc>
<status status="PASS" starttime="20220315 11:13:59.010" endtime="20220315 11:14:15.260"/>
</kw>
<kw name="Get Text" library="RPA.Browser">
<var>${lyrics}</var>
<arg>${lyrics_element}</arg>
<doc>Returns the text value of the element identified by ``locator``.</doc>
<msg timestamp="20220315 11:14:15.310" level="INFO">${lyrics} = Movin' to the country, gonna eat a lot of peaches
I'm movin' to the country, I'm gonna eat me a lot of peaches
I'm movin' to the country, I'm gonna eat a lot of peaches
Movin' to the country, I'm gonn...</msg>
<status status="PASS" starttime="20220315 11:14:15.260" endtime="20220315 11:14:15.310"/>
</kw>
<msg timestamp="20220315 11:14:15.310" level="INFO">${lyrics} = Movin' to the country, gonna eat a lot of peaches
I'm movin' to the country, I'm gonna eat me a lot of peaches
I'm movin' to the country, I'm gonna eat a lot of peaches
Movin' to the country, I'm gonn...</msg>
<status status="PASS" starttime="20220315 11:13:32.510" endtime="20220315 11:14:15.310"/>
</kw>
<kw name="Translate">
<var>${Translation}</var>
<arg>${lyrics}</arg>
<kw name="Go To" library="RPA.Browser">
<arg>https://translate.google.co.in/?sl=${SOURCE_LANG}&amp;tl=${TARGET_LANG}&amp;text=${lyrics}</arg>
<doc>Navigates the current browser window to the provided ``url``.</doc>
<msg timestamp="20220315 11:14:15.310" level="INFO">Opening url 'https://translate.google.co.in/?sl=en&amp;tl=es&amp;text=Movin' to the country, gonna eat a lot of peaches
I'm movin' to the country, I'm gonna eat me a lot of peaches
I'm movin' to the country, I'm gonna eat a lot of peaches
Movin' to the country, I'm gonna eat a lot of peaches
Peaches come from a can, they were put there by a man
In a factory downtown
If I had my little way, I'd eat peaches everyday
Sun soaked in bowls just in the shade
Movin' to the country, I'm gonna eat a lot of peaches
Movin' to the country, I'm gonna eat a lot of peaches
I'm movin to the country, gonna eat a lot of peaches
Movin' to the country, gonna eat a lot of peaches
I took a little nap where the roots all twist
Squished a rotten peach in my fist
And dreamed about you woman
I poked my finger down inside, makin' a little room for a ant to hide
Nature's candy in my hand or can or a pie
Millions of peaches, peaches for me
Millions of peaches, peaches for free
Millions of peaches, peaches for me
Millions of peaches, peaches for free
Look Out!
Millions of peaches, peaches for me
Millions of peaches, peaches for free
Millions of peaches, peaches for me
Millions of peaches, peaches for free
Look Out!'</msg>
<status status="PASS" starttime="20220315 11:14:15.310" endtime="20220315 11:14:17.480"/>
</kw>
<kw name="Set Variable" library="BuiltIn">
<var>${Translation_Element}</var>
<arg>xpath://*[@id="yDmH0d"]/c-wiz/div/div[2]/c-wiz/div[2]/c-wiz/div[1]/div[2]/div[3]/c-wiz[2]/div[6]/div/div[1]</arg>
<doc>Returns the given values which can then be assigned to a variables.</doc>
<msg timestamp="20220315 11:14:17.481" level="INFO">${Translation_Element} = xpath://*[@id="yDmH0d"]/c-wiz/div/div[2]/c-wiz/div[2]/c-wiz/div[1]/div[2]/div[3]/c-wiz[2]/div[6]/div/div[1]</msg>
<status status="PASS" starttime="20220315 11:14:17.480" endtime="20220315 11:14:17.481"/>
</kw>
<kw name="Wait Until Element Is Visible" library="RPA.Browser">
<arg>${Translation_Element}</arg>
<doc>Waits until the element ``locator`` is visible.</doc>
<status status="PASS" starttime="20220315 11:14:17.481" endtime="20220315 11:14:18.015"/>
</kw>
<kw name="Get Text" library="RPA.Browser">
<var>${Translation}</var>
<arg>${Translation_Element}</arg>
<doc>Returns the text value of the element identified by ``locator``.</doc>
<msg timestamp="20220315 11:14:18.053" level="INFO">${Translation} = Movin 'to the Country, voy a comer mucho Peachesi'm Movin' al país, me voy a comerme mucho Peachesi'm Movin 'al país, voy a comer mucho PeachesMovin' a la País, voy a comer muchas teaches de melocoton...</msg>
<status status="PASS" starttime="20220315 11:14:18.015" endtime="20220315 11:14:18.053"/>
</kw>
<msg timestamp="20220315 11:14:18.055" level="INFO">${Translation} = Movin 'to the Country, voy a comer mucho Peachesi'm Movin' al país, me voy a comerme mucho Peachesi'm Movin 'al país, voy a comer mucho PeachesMovin' a la País, voy a comer muchas teaches de melocoton...</msg>
<status status="PASS" starttime="20220315 11:14:15.310" endtime="20220315 11:14:18.055"/>
</kw>
<kw name="Save Lyrics">
<arg>${lyrics}</arg>
<arg>${Translation}</arg>
<kw name="Create File" library="OperatingSystem">
<arg>${ORIGINAL_FILE}</arg>
<arg>${lyrics}</arg>
<doc>Creates a file with the given content and encoding.</doc>
<msg timestamp="20220315 11:14:18.073" level="INFO" html="true">Created file '&lt;a href="file://e:\Internshala\1-Xorion Technologies Pvt Ltd., Nagpur\Projects\Lyrics-Translation-Robot\output\peaches-en-original.text"&gt;e:\Internshala\1-Xorion Technologies Pvt Ltd., Nagpur\Projects\Lyrics-Translation-Robot\output\peaches-en-original.text&lt;/a&gt;'.</msg>
<status status="PASS" starttime="20220315 11:14:18.055" endtime="20220315 11:14:18.073"/>
</kw>
<kw name="Create File" library="OperatingSystem">
<arg>${Translation_FILE}</arg>
<arg>${Translation}</arg>
<doc>Creates a file with the given content and encoding.</doc>
<msg timestamp="20220315 11:14:18.094" level="INFO" html="true">Created file '&lt;a href="file://e:\Internshala\1-Xorion Technologies Pvt Ltd., Nagpur\Projects\Lyrics-Translation-Robot\output\peaches-es-Translation.text"&gt;e:\Internshala\1-Xorion Technologies Pvt Ltd., Nagpur\Projects\Lyrics-Translation-Robot\output\peaches-es-Translation.text&lt;/a&gt;'.</msg>
<status status="PASS" starttime="20220315 11:14:18.073" endtime="20220315 11:14:18.094"/>
</kw>
<status status="PASS" starttime="20220315 11:14:18.055" endtime="20220315 11:14:18.095"/>
</kw>
<kw name="Close All Browsers" library="RPA.Browser" type="TEARDOWN">
<doc>Closes all open browsers and resets the browser cache.</doc>
<status status="PASS" starttime="20220315 11:14:18.095" endtime="20220315 11:14:20.401"/>
</kw>
<status status="PASS" starttime="20220315 11:13:32.503" endtime="20220315 11:14:20.401"/>
</test>
<test id="s1-t2" name="Minimal task">
<kw name="Log" library="BuiltIn">
<arg>Done.</arg>
<doc>Logs the given message with the given level.</doc>
<msg timestamp="20220315 11:14:20.403" level="INFO">Done.</msg>
<status status="PASS" starttime="20220315 11:14:20.403" endtime="20220315 11:14:20.403"/>
</kw>
<kw name="Close All Browsers" library="RPA.Browser" type="TEARDOWN">
<doc>Closes all open browsers and resets the browser cache.</doc>
<status status="PASS" starttime="20220315 11:14:20.403" endtime="20220315 11:14:20.404"/>
</kw>
<status status="PASS" starttime="20220315 11:14:20.402" endtime="20220315 11:14:20.404"/>
</test>
<doc>Google Translate Song Lyrics from source to target language.
Saves the original and the translated lyrics as text files.</doc>
<status status="PASS" starttime="20220315 11:13:30.582" endtime="20220315 11:14:20.405"/>
</suite>
<statistics>
<total>
<stat pass="2" fail="0" skip="0">All Tasks</stat>
</total>
<tag>
</tag>
<suite>
<stat pass="2" fail="0" skip="0" id="s1" name="Tasks">Tasks</stat>
</suite>
</statistics>
<errors>
<msg timestamp="20220315 11:13:31.733" level="WARN">This is a deprecated import that will be removed in favor of RPA.Browser.Selenium</msg>
</errors>
</robot>
